build/app/intermediates/manifest_merge_blame_file/debug/manifest-merger-blame-debug-report.txt
1<?xml version="1.0" encoding="utf-8"?>
2<manifest xmlns:android="http://schemas.android.com/apk/res/android"
3    package="com.ezpass.smopaye_mobile"
4    android:versionCode="1"
5    android:versionName="1.0.0" >
6
7    <uses-sdk
8        android:minSdkVersion="21"
9        android:targetSdkVersion="28" />
10    <!--
11         Flutter needs it to communicate with the running application
12         to allow setting breakpoints, to provide hot reload, etc.
13    -->
14    <uses-permission android:name="android.permission.INTERNET" />
14-->src\debug\AndroidManifest.xml:6:5-66
14-->src\debug\AndroidManifest.xml:6:22-64
15    <uses-permission android:name="android.permission.ACCESS_NETWORK_STATE" />
15-->[:connectivity] AndroidManifest.xml:7:5-79
15-->[:connectivity] AndroidManifest.xml:7:22-76
16    <uses-permission android:name="android.permission.ACCESS_WIFI_STATE" />
16-->[:connectivity] AndroidManifest.xml:8:5-76
16-->[:connectivity] AndroidManifest.xml:8:22-73
17    <uses-permission android:name="android.permission.CAMERA" /> <!-- Don't require camera, as this requires a rear camera. This allows it to work on the Nexus 7 -->
17-->[com.journeyapps:zxing-android-embedded:3.5.0] AndroidManifest.xml:21:5-65
17-->[com.journeyapps:zxing-android-embedded:3.5.0] AndroidManifest.xml:21:22-62
18    <uses-feature
18-->[com.journeyapps:zxing-android-embedded:3.5.0] AndroidManifest.xml:24:5-26:36
19        android:name="android.hardware.camera"
19-->[com.journeyapps:zxing-android-embedded:3.5.0] AndroidManifest.xml:25:9-47
20        android:required="false" />
20-->[com.journeyapps:zxing-android-embedded:3.5.0] AndroidManifest.xml:26:9-33
21    <uses-feature
21-->[com.journeyapps:zxing-android-embedded:3.5.0] AndroidManifest.xml:27:5-29:36
22        android:name="android.hardware.camera.front"
22-->[com.journeyapps:zxing-android-embedded:3.5.0] AndroidManifest.xml:28:9-53
23        android:required="false" /> <!-- TODO replace above two with next line after Android 4.2 -->
23-->[com.journeyapps:zxing-android-embedded:3.5.0] AndroidManifest.xml:29:9-33
24    <!-- <uses-feature android:name="android.hardware.camera.any"/> -->
25    <uses-feature
25-->[com.journeyapps:zxing-android-embedded:3.5.0] AndroidManifest.xml:32:5-34:36
26        android:name="android.hardware.camera.autofocus"
26-->[com.journeyapps:zxing-android-embedded:3.5.0] AndroidManifest.xml:33:9-57
27        android:required="false" />
27-->[com.journeyapps:zxing-android-embedded:3.5.0] AndroidManifest.xml:34:9-33
28    <uses-feature
28-->[com.journeyapps:zxing-android-embedded:3.5.0] AndroidManifest.xml:35:5-37:36
29        android:name="android.hardware.camera.flash"
29-->[com.journeyapps:zxing-android-embedded:3.5.0] AndroidManifest.xml:36:9-53
30        android:required="false" />
30-->[com.journeyapps:zxing-android-embedded:3.5.0] AndroidManifest.xml:37:9-33
31    <uses-feature
31-->[com.journeyapps:zxing-android-embedded:3.5.0] AndroidManifest.xml:38:5-40:36
32        android:name="android.hardware.screen.landscape"
32-->[com.journeyapps:zxing-android-embedded:3.5.0] AndroidManifest.xml:39:9-57
33        android:required="false" />
33-->[com.journeyapps:zxing-android-embedded:3.5.0] AndroidManifest.xml:40:9-33
34    <uses-feature
34-->[com.journeyapps:zxing-android-embedded:3.5.0] AndroidManifest.xml:41:5-43:36
35        android:name="android.hardware.wifi"
35-->[com.journeyapps:zxing-android-embedded:3.5.0] AndroidManifest.xml:42:9-45
36        android:required="false" />
36-->[com.journeyapps:zxing-android-embedded:3.5.0] AndroidManifest.xml:43:9-33
37    <!--
38 io.flutter.app.FlutterApplication is an android.app.Application that
39         calls FlutterMain.startInitialization(this); in its onCreate method.
40         In most cases you can leave this as-is, but you if you want to provide
41         additional functionality it is fine to subclass or reimplement
42         FlutterApplication and put your custom class here.
43    -->
44    <application
44-->src\main\AndroidManifest.xml:8:5-29:19
45        android:name="io.flutter.app.FlutterApplication"
45-->src\main\AndroidManifest.xml:9:9-57
46        android:appComponentFactory="androidx.core.app.CoreComponentFactory"
46-->[androidx.core:core:1.1.0] AndroidManifest.xml:24:18-86
47        android:debuggable="true"
48        android:icon="@mipmap/ic_launcher"
48-->src\main\AndroidManifest.xml:11:9-43
49        android:label="smopaye_mobile" >
49-->src\main\AndroidManifest.xml:10:9-39
50        <activity
50-->src\main\AndroidManifest.xml:12:9-23:20
51            android:name="com.ezpass.smopaye_mobile.MainActivity"
51-->src\main\AndroidManifest.xml:13:13-41
52            android:configChanges="orientation|keyboardHidden|keyboard|screenSize|smallestScreenSize|locale|layoutDirection|fontScale|screenLayout|density|uiMode"
52-->src\main\AndroidManifest.xml:16:13-163
53            android:hardwareAccelerated="true"
53-->src\main\AndroidManifest.xml:17:13-47
54            android:launchMode="singleTop"
54-->src\main\AndroidManifest.xml:14:13-43
55            android:theme="@style/LaunchTheme"
55-->src\main\AndroidManifest.xml:15:13-47
56            android:windowSoftInputMode="adjustResize" >
56-->src\main\AndroidManifest.xml:18:13-55
57            <intent-filter>
57-->src\main\AndroidManifest.xml:19:13-22:29
58                <action android:name="android.intent.action.MAIN" />
58-->src\main\AndroidManifest.xml:20:17-68
58-->src\main\AndroidManifest.xml:20:25-66
59
60                <category android:name="android.intent.category.LAUNCHER" />
60-->src\main\AndroidManifest.xml:21:17-76
60-->src\main\AndroidManifest.xml:21:27-74
61            </intent-filter>
62        </activity>
63        <!--
64             Don't delete the meta-data below.
65             This is used by the Flutter tool to generate GeneratedPluginRegistrant.java
66        -->
67        <meta-data
67-->src\main\AndroidManifest.xml:26:9-28:33
68            android:name="flutterEmbedding"
68-->src\main\AndroidManifest.xml:27:13-44
69            android:value="2" />
69-->src\main\AndroidManifest.xml:28:13-30
70
71        <activity
71-->[:url_launcher] AndroidManifest.xml:8:9-11:74
72            android:name="io.flutter.plugins.urllauncher.WebViewActivity"
72-->[:url_launcher] AndroidManifest.xml:9:13-74
73            android:exported="false"
73-->[:url_launcher] AndroidManifest.xml:10:13-37
74            android:theme="@android:style/Theme.NoTitleBar.Fullscreen" />
74-->[:url_launcher] AndroidManifest.xml:11:13-71
75        <activity
75-->[com.journeyapps:zxing-android-embedded:3.5.0] AndroidManifest.xml:46:9-52:63
76            android:name="com.journeyapps.barcodescanner.CaptureActivity"
76-->[com.journeyapps:zxing-android-embedded:3.5.0] AndroidManifest.xml:47:13-74
77            android:clearTaskOnLaunch="true"
77-->[com.journeyapps:zxing-android-embedded:3.5.0] AndroidManifest.xml:48:13-45
78            android:screenOrientation="sensorLandscape"
78-->[com.journeyapps:zxing-android-embedded:3.5.0] AndroidManifest.xml:49:13-56
79            android:stateNotNeeded="true"
79-->[com.journeyapps:zxing-android-embedded:3.5.0] AndroidManifest.xml:50:13-42
80            android:theme="@style/zxing_CaptureTheme"
80-->[com.journeyapps:zxing-android-embedded:3.5.0] AndroidManifest.xml:51:13-54
81            android:windowSoftInputMode="stateAlwaysHidden" />
81-->[com.journeyapps:zxing-android-embedded:3.5.0] AndroidManifest.xml:52:13-60
82    </application>
83
84</manifest>